PHP Warning:  PHP Startup: Unable to load dynamic library 'mysqli' (tried: /usr/lib/php/20200930/mysqli (/usr/lib/php/20200930/mysqli: cannot open shared object file: No such file or directory), /usr/lib/php/20200930/mysqli.so (/usr/lib/php/20200930/mysqli.so: undefined symbol: mysqlnd_global_stats)) in Unknown on line 0
PHP Warning:  PHP Startup: Unable to load dynamic library 'openssl' (tried: /usr/lib/php/20200930/openssl (/usr/lib/php/20200930/openssl: cannot open shared object file: No such file or directory), /usr/lib/php/20200930/openssl.so (/usr/lib/php/20200930/openssl.so: cannot open shared object file: No such file or directory)) in Unknown on line 0
PHP Warning:  PHP Startup: Unable to load dynamic library 'pdo_mysql' (tried: /usr/lib/php/20200930/pdo_mysql (/usr/lib/php/20200930/pdo_mysql: cannot open shared object file: No such file or directory), /usr/lib/php/20200930/pdo_mysql.so (/usr/lib/php/20200930/pdo_mysql.so: undefined symbol: mysqlnd_allocator)) in Unknown on line 0
PHP Warning:  PHP Startup: Unable to load dynamic library 'pdo_sqlite' (tried: /usr/lib/php/20200930/pdo_sqlite (/usr/lib/php/20200930/pdo_sqlite: cannot open shared object file: No such file or directory), /usr/lib/php/20200930/pdo_sqlite.so (/usr/lib/php/20200930/pdo_sqlite.so: cannot open shared object file: No such file or directory)) in Unknown on line 0
PHP Warning:  Module "bz2" is already loaded in Unknown on line 0
PHP Warning:  Module "curl" is already loaded in Unknown on line 0
PHP Warning:  Module "exif" is already loaded in Unknown on line 0
PHP Warning:  Module "fileinfo" is already loaded in Unknown on line 0
PHP Warning:  Module "gd" is already loaded in Unknown on line 0
PHP Warning:  Module "gettext" is already loaded in Unknown on line 0
PHP Warning:  Module "intl" is already loaded in Unknown on line 0
PHP Warning:  Module "mbstring" is already loaded in Unknown on line 0
PHP Warning:  PHP Startup: Unable to load dynamic library 'mysqli' (tried: /usr/lib/php/20200930/mysqli (/usr/lib/php/20200930/mysqli: cannot open shared object file: No such file or directory), /usr/lib/php/20200930/mysqli.so (/usr/lib/php/20200930/mysqli.so: undefined symbol: mysqlnd_global_stats)) in Unknown on line 0
PHP Warning:  PHP Startup: Unable to load dynamic library 'openssl' (tried: /usr/lib/php/20200930/openssl (/usr/lib/php/20200930/openssl: cannot open shared object file: No such file or directory), /usr/lib/php/20200930/openssl.so (/usr/lib/php/20200930/openssl.so: cannot open shared object file: No such file or directory)) in Unknown on line 0
PHP Warning:  PHP Startup: Unable to load dynamic library 'pdo_mysql' (tried: /usr/lib/php/20200930/pdo_mysql (/usr/lib/php/20200930/pdo_mysql: cannot open shared object file: No such file or directory), /usr/lib/php/20200930/pdo_mysql.so (/usr/lib/php/20200930/pdo_mysql.so: undefined symbol: mysqlnd_allocator)) in Unknown on line 0
PHP Warning:  PHP Startup: Unable to load dynamic library 'pdo_sqlite' (tried: /usr/lib/php/20200930/pdo_sqlite (/usr/lib/php/20200930/pdo_sqlite: cannot open shared object file: No such file or directory), /usr/lib/php/20200930/pdo_sqlite.so (/usr/lib/php/20200930/pdo_sqlite.so: cannot open shared object file: No such file or directory)) in Unknown on line 0
PHP Warning:  Module "bz2" is already loaded in Unknown on line 0
PHP Warning:  Module "curl" is already loaded in Unknown on line 0
PHP Warning:  Module "exif" is already loaded in Unknown on line 0
PHP Warning:  Module "fileinfo" is already loaded in Unknown on line 0
PHP Warning:  Module "gd" is already loaded in Unknown on line 0
PHP Warning:  Module "gettext" is already loaded in Unknown on line 0
PHP Warning:  Module "intl" is already loaded in Unknown on line 0
PHP Warning:  Module "mbstring" is already loaded in Unknown on line 0
